Object not found: SW1 SW_DIP_x01 [Package: smd_push2, Library: smd_push2]
Object not found: U1 ATMEGA328P-AU [Package: TQFP-32_7x7mm_Pitch0.8mm, Library: TQFP-32_7x7mm_Pitch0.8mm]
Object not found: J4 CONN_01X01 [Package: OSHW-Logo2_7.3x6mm_SilkScreen, Library: OSHW-Logo2_7.3x6mm_SilkScreen]
Object not found: MK1 Mounting_Hole [Package: MountingHole_2.2mm_M2_ISO14580, Library: MountingHole_2.2mm_M2_ISO14580]
Object not found: R1 1M [Package: R_0603_HandSoldering, Library: R_0603_HandSoldering]
Object not found: R2 470k [Package: R_0603_HandSoldering, Library: R_0603_HandSoldering]
Object not found: R3 10k [Package: R_0603_HandSoldering, Library: R_0603_HandSoldering]
Object not found: R4 10k [Package: R_0603_HandSoldering, Library: R_0603_HandSoldering]
Object not found: R5 10k [Package: R_0603_HandSoldering, Library: R_0603_HandSoldering]
Object not found: R10 1k [Package: R_0603_HandSoldering, Library: R_0603_HandSoldering]
Object not found: R11 1k [Package: R_0603_HandSoldering, Library: R_0603_HandSoldering]
Object not found: R13 0 [Package: R_0603_HandSoldering, Library: R_0603_HandSoldering]
Object not found: R14 100k [Package: R_0603_HandSoldering, Library: R_0603_HandSoldering]
Object not found: U3 M25P40 [Package: SOIC-8_3.9x4.9mm_Pitch1.27mm, Library: SOIC-8_3.9x4.9mm_Pitch1.27mm]
Object not found: U6 ATSHA204 [Package: TSOT-23, Library: TSOT-23]
Object not found: Y2 Crystal_GND2 [Package: X3-SMD-3.6X1.3X0.8MM, Library: X3-SMD-3.6X1.3X0.8MM]
Object not found: J3 CONN_01X02 [Package: JST_PH_B2B-PH-K_02x2.00mm_Straight, Library: JST_PH_B2B-PH-K_02x2.00mm_Straight]
Object not found: J1 CONN_01X07 [Package: Socket_Strip_Straight_1x07_Pitch2.54mm, Library: Socket_Strip_Straight_1x07_Pitch2.54mm]
Object not found: J2 CONN_01X07 [Package: Socket_Strip_Straight_1x07_Pitch2.54mm, Library: Socket_Strip_Straight_1x07_Pitch2.54mm]
Object not found: U2 RFM69CW [Package: RFM12B_SMD, Library: RFM12B_SMD]
Object not found: J5 CONN_01X06 [Package: Pin_Header_Straight_1x06_Pitch2.54mm, Library: Pin_Header_Straight_1x06_Pitch2.54mm]
